app/build/intermediates/manifest_merge_blame_file/debug/processDebugMainManifest/manifest-merger-blame-debug-report.txt
1<?xml version="1.0" encoding="utf-8"?>
2<manifest xmlns:android="http://schemas.android.com/apk/res/android"
3    package="com.mfjstudio.smartcontrol"
4    android:versionCode="1"
5    android:versionName="2.0" >
6
7    <uses-sdk
8        android:minSdkVersion="28"
9        android:targetSdkVersion="34" />
10
11    <!-- Although the *SdkVersion is captured in gradle build files, this is required for non gradle builds -->
12    <!-- <uses-sdk android:minSdkVersion="21"/> -->
13    <uses-permission android:name="android.permission.ACCESS_NETWORK_STATE" />
13-->[com.google.firebase:firebase-database:21.0.0] AndroidManifest.xml:22:5-79
13-->[com.google.firebase:firebase-database:21.0.0] AndroidManifest.xml:22:22-76
14    <uses-permission android:name="android.permission.INTERNET" />
14-->[com.google.firebase:firebase-database:21.0.0] AndroidManifest.xml:23:5-67
14-->[com.google.firebase:firebase-database:21.0.0] AndroidManifest.xml:23:22-64
15
16    <permission
16-->[androidx.core:core:1.15.0] AndroidManifest.xml:22:5-24:47
17        android:name="com.mfjstudio.smartcontrol.DYNAMIC_RECEIVER_NOT_EXPORTED_PERMISSION"
17-->[androidx.core:core:1.15.0] AndroidManifest.xml:23:9-81
18        android:protectionLevel="signature" />
18-->[androidx.core:core:1.15.0] AndroidManifest.xml:24:9-44
19
20    <uses-permission android:name="com.mfjstudio.smartcontrol.DYNAMIC_RECEIVER_NOT_EXPORTED_PERMISSION" />
20-->[androidx.core:core:1.15.0] AndroidManifest.xml:26:5-97
20-->[androidx.core:core:1.15.0] AndroidManifest.xml:26:22-94
21
22    <application
22-->src\main\AndroidManifest.xml:5:5-27:19
23        android:allowBackup="true"
23-->src\main\AndroidManifest.xml:6:9-35
24        android:appComponentFactory="androidx.core.app.CoreComponentFactory"
24-->[androidx.core:core:1.15.0] AndroidManifest.xml:28:18-86
25        android:dataExtractionRules="@xml/data_extraction_rules"
25-->src\main\AndroidManifest.xml:7:9-65
26        android:debuggable="true"
27        android:extractNativeLibs="false"
28        android:fullBackupContent="@xml/backup_rules"
28-->src\main\AndroidManifest.xml:8:9-54
29        android:icon="@mipmap/ic_launcher"
29-->src\main\AndroidManifest.xml:9:9-43
30        android:label="@string/app_name"
30-->src\main\AndroidManifest.xml:10:9-41
31        android:roundIcon="@mipmap/ic_launcher_round"
31-->src\main\AndroidManifest.xml:11:9-54
32        android:supportsRtl="true"
32-->src\main\AndroidManifest.xml:12:9-35
33        android:theme="@style/Theme.Material3.DayNight.NoActionBar" >
33-->src\main\AndroidManifest.xml:13:9-68
34        <activity
34-->src\main\AndroidManifest.xml:15:9-23:20
35            android:name="com.mfjstudio.smartcontrol.MainActivity"
35-->src\main\AndroidManifest.xml:16:13-41
36            android:exported="true" >
36-->src\main\AndroidManifest.xml:17:13-36
37            <intent-filter>
37-->src\main\AndroidManifest.xml:18:13-22:29
38                <action android:name="android.intent.action.MAIN" />
38-->src\main\AndroidManifest.xml:19:17-69
38-->src\main\AndroidManifest.xml:19:25-66
39
40                <category android:name="android.intent.category.LAUNCHER" />
40-->src\main\AndroidManifest.xml:21:17-77
40-->src\main\AndroidManifest.xml:21:27-74
41            </intent-filter>
42        </activity>
43        <activity android:name="com.mfjstudio.smartcontrol.AboutActivity" />
43-->src\main\AndroidManifest.xml:24:9-51
43-->src\main\AndroidManifest.xml:24:19-48
44        <activity android:name="com.mfjstudio.smartcontrol.SmartLightActivity" />
44-->src\main\AndroidManifest.xml:25:9-56
44-->src\main\AndroidManifest.xml:25:19-53
45        <activity android:name="com.mfjstudio.smartcontrol.SmartLcokActivity" />
45-->src\main\AndroidManifest.xml:26:9-55
45-->src\main\AndroidManifest.xml:26:19-52
46
47        <service
47-->[com.google.firebase:firebase-database:21.0.0] AndroidManifest.xml:26:9-35:19
48            android:name="com.google.firebase.components.ComponentDiscoveryService"
48-->[com.google.firebase:firebase-database:21.0.0] AndroidManifest.xml:27:13-84
49            android:directBootAware="true"
49-->[com.google.firebase:firebase-common:21.0.0] AndroidManifest.xml:32:13-43
50            android:exported="false" >
50-->[com.google.firebase:firebase-database:21.0.0] AndroidManifest.xml:28:13-37
51            <meta-data
51-->[com.google.firebase:firebase-database:21.0.0] AndroidManifest.xml:29:13-31:85
52                android:name="com.google.firebase.components:com.google.firebase.database.FirebaseDatabaseKtxRegistrar"
52-->[com.google.firebase:firebase-database:21.0.0] AndroidManifest.xml:30:17-120
53                android:value="com.google.firebase.components.ComponentRegistrar" />
53-->[com.google.firebase:firebase-database:21.0.0] AndroidManifest.xml:31:17-82
54            <meta-data
54-->[com.google.firebase:firebase-database:21.0.0] AndroidManifest.xml:32:13-34:85
55                android:name="com.google.firebase.components:com.google.firebase.database.DatabaseRegistrar"
55-->[com.google.firebase:firebase-database:21.0.0] AndroidManifest.xml:33:17-109
56                android:value="com.google.firebase.components.ComponentRegistrar" />
56-->[com.google.firebase:firebase-database:21.0.0] AndroidManifest.xml:34:17-82
57            <meta-data
57-->[com.google.firebase:firebase-common-ktx:21.0.0] AndroidManifest.xml:12:13-14:85
58                android:name="com.google.firebase.components:com.google.firebase.ktx.FirebaseCommonLegacyRegistrar"
58-->[com.google.firebase:firebase-common-ktx:21.0.0] AndroidManifest.xml:13:17-116
59                android:value="com.google.firebase.components.ComponentRegistrar" />
59-->[com.google.firebase:firebase-common-ktx:21.0.0] AndroidManifest.xml:14:17-82
60            <meta-data
60-->[com.google.firebase:firebase-common:21.0.0] AndroidManifest.xml:35:13-37:85
61                android:name="com.google.firebase.components:com.google.firebase.FirebaseCommonKtxRegistrar"
61-->[com.google.firebase:firebase-common:21.0.0] AndroidManifest.xml:36:17-109
62                android:value="com.google.firebase.components.ComponentRegistrar" />
62-->[com.google.firebase:firebase-common:21.0.0] AndroidManifest.xml:37:17-82
63        </service>
64
65        <provider
65-->[com.google.firebase:firebase-common:21.0.0] AndroidManifest.xml:23:9-28:39
66            android:name="com.google.firebase.provider.FirebaseInitProvider"
66-->[com.google.firebase:firebase-common:21.0.0] AndroidManifest.xml:24:13-77
67            android:authorities="com.mfjstudio.smartcontrol.firebaseinitprovider"
67-->[com.google.firebase:firebase-common:21.0.0] AndroidManifest.xml:25:13-72
68            android:directBootAware="true"
68-->[com.google.firebase:firebase-common:21.0.0] AndroidManifest.xml:26:13-43
69            android:exported="false"
69-->[com.google.firebase:firebase-common:21.0.0] AndroidManifest.xml:27:13-37
70            android:initOrder="100" />
70-->[com.google.firebase:firebase-common:21.0.0] AndroidManifest.xml:28:13-36
71
72        <activity
72-->[com.google.android.gms:play-services-base:18.1.0] AndroidManifest.xml:20:9-22:45
73            android:name="com.google.android.gms.common.api.GoogleApiActivity"
73-->[com.google.android.gms:play-services-base:18.1.0] AndroidManifest.xml:20:19-85
74            android:exported="false"
74-->[com.google.android.gms:play-services-base:18.1.0] AndroidManifest.xml:22:19-43
75            android:theme="@android:style/Theme.Translucent.NoTitleBar" />
75-->[com.google.android.gms:play-services-base:18.1.0] AndroidManifest.xml:21:19-78
76
77        <meta-data
77-->[com.google.android.gms:play-services-basement:18.3.0] AndroidManifest.xml:21:9-23:69
78            android:name="com.google.android.gms.version"
78-->[com.google.android.gms:play-services-basement:18.3.0] AndroidManifest.xml:22:13-58
79            android:value="@integer/google_play_services_version" />
79-->[com.google.android.gms:play-services-basement:18.3.0] AndroidManifest.xml:23:13-66
80
81        <provider
81-->[androidx.emoji2:emoji2:1.3.0] AndroidManifest.xml:24:9-32:20
82            android:name="androidx.startup.InitializationProvider"
82-->[androidx.emoji2:emoji2:1.3.0] AndroidManifest.xml:25:13-67
83            android:authorities="com.mfjstudio.smartcontrol.androidx-startup"
83-->[androidx.emoji2:emoji2:1.3.0] AndroidManifest.xml:26:13-68
84            android:exported="false" >
84-->[androidx.emoji2:emoji2:1.3.0] AndroidManifest.xml:27:13-37
85            <meta-data
85-->[androidx.emoji2:emoji2:1.3.0] AndroidManifest.xml:29:13-31:52
86                android:name="androidx.emoji2.text.EmojiCompatInitializer"
86-->[androidx.emoji2:emoji2:1.3.0] AndroidManifest.xml:30:17-75
87                android:value="androidx.startup" />
87-->[androidx.emoji2:emoji2:1.3.0] AndroidManifest.xml:31:17-49
88            <meta-data
88-->[androidx.lifecycle:lifecycle-process:2.6.2] AndroidManifest.xml:29:13-31:52
89                android:name="androidx.lifecycle.ProcessLifecycleInitializer"
89-->[androidx.lifecycle:lifecycle-process:2.6.2] AndroidManifest.xml:30:17-78
90                android:value="androidx.startup" />
90-->[androidx.lifecycle:lifecycle-process:2.6.2] AndroidManifest.xml:31:17-49
91            <meta-data
91-->[androidx.profileinstaller:profileinstaller:1.4.0] AndroidManifest.xml:29:13-31:52
92                android:name="androidx.profileinstaller.ProfileInstallerInitializer"
92-->[androidx.profileinstaller:profileinstaller:1.4.0] AndroidManifest.xml:30:17-85
93                android:value="androidx.startup" />
93-->[androidx.profileinstaller:profileinstaller:1.4.0] AndroidManifest.xml:31:17-49
94        </provider>
95
96        <receiver
96-->[androidx.profileinstaller:profileinstaller:1.4.0] AndroidManifest.xml:34:9-52:20
97            android:name="androidx.profileinstaller.ProfileInstallReceiver"
97-->[androidx.profileinstaller:profileinstaller:1.4.0] AndroidManifest.xml:35:13-76
98            android:directBootAware="false"
98-->[androidx.profileinstaller:profileinstaller:1.4.0] AndroidManifest.xml:36:13-44
99            android:enabled="true"
99-->[androidx.profileinstaller:profileinstaller:1.4.0] AndroidManifest.xml:37:13-35
100            android:exported="true"
100-->[androidx.profileinstaller:profileinstaller:1.4.0] AndroidManifest.xml:38:13-36
101            android:permission="android.permission.DUMP" >
101-->[androidx.profileinstaller:profileinstaller:1.4.0] AndroidManifest.xml:39:13-57
102            <intent-filter>
102-->[androidx.profileinstaller:profileinstaller:1.4.0] AndroidManifest.xml:40:13-42:29
103                <action android:name="androidx.profileinstaller.action.INSTALL_PROFILE" />
103-->[androidx.profileinstaller:profileinstaller:1.4.0] AndroidManifest.xml:41:17-91
103-->[androidx.profileinstaller:profileinstaller:1.4.0] AndroidManifest.xml:41:25-88
104            </intent-filter>
105            <intent-filter>
105-->[androidx.profileinstaller:profileinstaller:1.4.0] AndroidManifest.xml:43:13-45:29
106                <action android:name="androidx.profileinstaller.action.SKIP_FILE" />
106-->[androidx.profileinstaller:profileinstaller:1.4.0] AndroidManifest.xml:44:17-85
106-->[androidx.profileinstaller:profileinstaller:1.4.0] AndroidManifest.xml:44:25-82
107            </intent-filter>
108            <intent-filter>
108-->[androidx.profileinstaller:profileinstaller:1.4.0] AndroidManifest.xml:46:13-48:29
109                <action android:name="androidx.profileinstaller.action.SAVE_PROFILE" />
109-->[androidx.profileinstaller:profileinstaller:1.4.0] AndroidManifest.xml:47:17-88
109-->[androidx.profileinstaller:profileinstaller:1.4.0] AndroidManifest.xml:47:25-85
110            </intent-filter>
111            <intent-filter>
111-->[androidx.profileinstaller:profileinstaller:1.4.0] AndroidManifest.xml:49:13-51:29
112                <action android:name="androidx.profileinstaller.action.BENCHMARK_OPERATION" />
112-->[androidx.profileinstaller:profileinstaller:1.4.0] AndroidManifest.xml:50:17-95
112-->[androidx.profileinstaller:profileinstaller:1.4.0] AndroidManifest.xml:50:25-92
113            </intent-filter>
114        </receiver>
115    </application>
116
117</manifest>